C51 COMPILER V8.05a   FILTER                                                               07/18/2017 17:37:29 PAGE 1   


C51 COMPILER V8.05a, COMPILATION OF MODULE FILTER
OBJECT MODULE PLACED IN .\FILTER.obj
COMPILER INVOKED BY: C:\Keil_v5\C51\BIN\C51.EXE ..\SOFTWARE\ALGORITHM\FILTER\FILTER.C LARGE BROWSE DEBUG OBJECTEXTEND PR
                    -INT(.\FILTER.lst) TABS(2) OBJECT(.\FILTER.obj)

line level    source

   1          #include "FILTER.H"
   2          u16 filter(u16 *ary,u8 num,u16 MaxValue,u16 MinValue)
   3          {
   4   1        int angleDataloopTemp2;
   5   1        u16 finalData=0;
   6   1        int maxValue = MinValue;
   7   1        int minValue = MaxValue;
   8   1        for (angleDataloopTemp2 = 0; angleDataloopTemp2 < num; angleDataloopTemp2++) //找出最大值和最小值
   9   1        {
  10   2          if (ary[angleDataloopTemp2] > maxValue) //去掉最大值最小值
  11   2          {
  12   3            maxValue = ary[angleDataloopTemp2];
  13   3          }
  14   2          if (ary[angleDataloopTemp2] < minValue) //去掉最大值最小值
  15   2          {
  16   3            minValue = ary[angleDataloopTemp2];
  17   3          }
  18   2          finalData += ary[angleDataloopTemp2];
  19   2        }
  20   1        finalData -= (maxValue + minValue);  //去掉最大值最小值
  21   1        finalData /= (num-2);  //取平均值
  22   1        return finalData;
  23   1      }


MODULE INFORMATION:   STATIC OVERLAYABLE
   CODE SIZE        =    310    ----
   CONSTANT SIZE    =   ----    ----
   XDATA SIZE       =   ----      16
   PDATA SIZE       =   ----    ----
   DATA SIZE        =   ----    ----
   IDATA SIZE       =   ----    ----
   BIT SIZE         =   ----    ----
END OF MODULE INFORMATION.


C51 COMPILATION COMPLETE.  0 WARNING(S),  0 ERROR(S)
