C51 COMPILER V8.05a   LED                                                                  07/18/2017 17:37:30 PAGE 1   


C51 COMPILER V8.05a, COMPILATION OF MODULE LED
OBJECT MODULE PLACED IN .\LED.obj
COMPILER INVOKED BY: C:\Keil_v5\C51\BIN\C51.EXE ..\HARDWARE\DEVICES\LED\LED.c LARGE BROWSE DEBUG OBJECTEXTEND PRINT(.\LE
                    -D.lst) TABS(2) OBJECT(.\LED.obj)

line level    source

   1          #include "LED.H"
   2          #include "../../BSP/STC15_PWM.h"
   3          #include "../../BSP/delay.h"
   4          #include "../../BSP/GPIO.h"
   5          
   6          
   7          static bit Board_LED_State=OFF;
   8          bit Board_LED_Init(void)
   9          {
  10   1          GPIO_InitTypeDef    GPIO_InitStructure;     //结构定义
  11   1          GPIO_InitStructure.Pin  = 5;      //指定要初始化的IO, GPIO_Pin_0 ~ GPIO_Pin_7, 或操作
  12   1          GPIO_InitStructure.Mode = GPIO_PullUp;       //指定IO的输入或输出方式,GPIO_PullUp,GPIO_HighZ,GPIO_OUT_
             -OD,GPIO_OUT_PP
  13   1          GPIO_Inilize(GPIO_P5,&GPIO_InitStructure);  //初始化
  14   1          open_Board_LED();
  15   1          delay_ms(200);
  16   1          close_Board_LED();
  17   1          delay_ms(200);
  18   1         return 1;
  19   1      }
  20          void open_Board_LED(void)
  21          {
  22   1         P55=0;
  23   1         Board_LED_State=ON;
  24   1      }
  25          void close_Board_LED(void)
  26          {
  27   1        P55=1;
  28   1        Board_LED_State=OFF;
  29   1      
  30   1      }
  31          void blink(u8 time)
  32          {
  33   1          while(time--)
  34   1          {
  35   2              open_Board_LED();
  36   2              delay_ms(200);
  37   2              close_Board_LED();
  38   2              delay_ms(200);
  39   2            
  40   2          }
  41   1      }
  42          bit getBoard_LED_State(void)
  43          {
  44   1         return Board_LED_State;
  45   1      }
  46          void Board_LED_PWM(u8 luminance)
  47          {
  48   1           if(Board_LED_State)
  49   1           {
  50   2             
  51   2             
  52   2           }
  53   1        
C51 COMPILER V8.05a   LED                                                                  07/18/2017 17:37:30 PAGE 2   

  54   1      }
*** WARNING C280 IN LINE 46 OF ..\HARDWARE\DEVICES\LED\LED.C: 'luminance': unreferenced local variable


MODULE INFORMATION:   STATIC OVERLAYABLE
   CODE SIZE        =     93    ----
   CONSTANT SIZE    =   ----    ----
   XDATA SIZE       =   ----       4
   PDATA SIZE       =   ----    ----
   DATA SIZE        =   ----    ----
   IDATA SIZE       =   ----    ----
   BIT SIZE         =      1    ----
END OF MODULE INFORMATION.


C51 COMPILATION COMPLETE.  1 WARNING(S),  0 ERROR(S)
