C51 COMPILER V8.05a   SETUP                                                                07/18/2017 15:42:56 PAGE 1   


C51 COMPILER V8.05a, COMPILATION OF MODULE SETUP
OBJECT MODULE PLACED IN .\setup.obj
COMPILER INVOKED BY: C:\Keil_v5\C51\BIN\C51.EXE ..\SOFTWARE\TASK\setup.c LARGE BROWSE DEBUG OBJECTEXTEND PRINT(.\setup.l
                    -st) TABS(2) OBJECT(.\setup.obj)

line level    source

   1          /************************************************************
   2          * 组织名称：
   3          * 文件名称: K:\单片机相关\电子大赛程序框架\SOFTWARE\TASK\SETUP.C
   4          * 作者:     周晨阳 
   5          * 版本:    
   6          * 日期:     2017/07/18
   7          * 描述:   初始化器件和测试器件使用
   8          * 历史修改记录:
   9          * <作者> <时间> <版本 > <描述>
  10          * 
  11          ***********************************************************/
  12          
  13          #include "setup.h"
  14          #include "../HARDWARE/DEVICES/SENSOR/ANGLE/ANGLE.h"
  15          #include "../../HARDWARE/DEVICES/BUTTON/BUTTON.h" 
  16          #include "../../HARDWARE/DEVICES/MOTOR/DC_MOTOR/MOTOR.h"
  17          #include "../../HARDWARE/DEVICES/LED/LED.h"
  18          #include "../../HARDWARE/BSP/USART1.h"
  19          #include "../../HARDWARE/BSP/timer.h"
  20          #include "../../HARDWARE/BSP/GPIO.h"
  21          #include "../../HARDWARE/BSP/delay.h"
  22          #include "../../HARDWARE/BSP/STC15_PWM.h"
  23          #include "../../HARDWARE/DEVICES/MOTOR/STEP_MOTOR/STEP_MOTOR.h"
  24          #include "../../HARDWARE/DEVICES/MOTOR/SERVO/SERVO.h"
  25          #include "../../HARDWARE/DEVICES/DISPLAY/1602/LCD1602.H"
  26          #include "../../HARDWARE/COMMON_HARDWARE/fixedPulser.h"
  27          #include "../ALGORITHM/PID/PID.h"
  28          
  29          
  30          
  31          /*************  串口1初始化函数 *****************/
  32          /*************************************************
  33          * 函数名称: void    UART1_init(unsigned long BandRate)
  34          * 描述: 串口1初始化函数
  35          * 输入: unsigned long BandRate ：串口的波特率，请在数值后加字母"L"，防止出问题
  36          * 输出: 调用此函数会发送一段测试语句 “ STC15w4k58s4 UART1 is open ”
  37          * 返回值: 无
  38          * 其他说明: 无
  39          *************************************************/
  40          void    UART1_init(unsigned long BandRate)
  41          {
  42   1        COMx_InitDefine     COMx_InitStructure;
  43   1        COMx_InitStructure.UART_Mode = UART_8bit_BRTx;
  44   1        COMx_InitStructure.UART_BRT_Use = BRT_Timer2;
  45   1        COMx_InitStructure.UART_BaudRate = BandRate;
  46   1        COMx_InitStructure.UART_RxEnable = ENABLE;
  47   1        COMx_InitStructure.BaudRateDouble = DISABLE;
  48   1        COMx_InitStructure.UART_Interrupt = ENABLE;
  49   1        COMx_InitStructure.UART_Polity = PolityHigh;
  50   1        COMx_InitStructure.UART_P_SW = UART1_SW_P30_P31;
  51   1        COMx_InitStructure.UART_RXD_TXD_Short = DISABLE;
  52   1        USART_Configuration(USART1, &COMx_InitStructure);
  53   1        // PrintString1("STC15w4k58s4's UART1 is open \r\n");   //串口测试
  54   1      }
C51 COMPILER V8.05a   SETUP                                                                07/18/2017 15:42:56 PAGE 2   

  55          
  56          void motorInit(void)
  57          {
  58   1        
  59   1      }
  60          void setup(void)
  61          {
  62   1        UART1_init(115200L);
  63   1        timerInit();
  64   1        Board_LED_Init();
  65   1        Button_config();
  66   1        ADC_config(ADC_P10, ADC_540T);
  67   1        LCD1602_Init();
  68   1        PID_config(PID_1,3.0f,0.02f,1.0f);
  69   1      
  70   1      }
  71          


MODULE INFORMATION:   STATIC OVERLAYABLE
   CODE SIZE        =    110    ----
   CONSTANT SIZE    =   ----    ----
   XDATA SIZE       =   ----      13
   PDATA SIZE       =   ----    ----
   DATA SIZE        =   ----    ----
   IDATA SIZE       =   ----    ----
   BIT SIZE         =   ----    ----
END OF MODULE INFORMATION.


C51 COMPILATION COMPLETE.  0 WARNING(S),  0 ERROR(S)
